Using pre-set license
Built from '2020.3/staging' branch; Version is '2020.3.9f1 (108be757e447) revision 1084391'; Using compiler version '192528614'; Build Type 'Release'
OS: 'Windows 10 Home; OS build 19042.1165; Version 2009; 64bit' Language: 'en' Physical Memory: 3542 MB
BatchMode: 1, IsHumanControllingUs: 0, StartBugReporterOnCrash: 0, Is64bit: 1, IsPro: 0

 COMMAND LINE ARGUMENTS:
C:\Program Files\Unity\Hub\Editor\2020.3.9f1\Editor\Unity.exe
-adb2
-batchMode
-noUpm
-name
AssetImportWorker11
-projectPath
C:/Users/Sherry/Downloads/HahNewTable/HaH-master (2)/HaH-master/hahnewtable
-logFile
Logs/AssetImportWorker11.log
-srvPort
56766
Successfully changed project path to: C:/Users/Sherry/Downloads/HahNewTable/HaH-master (2)/HaH-master/hahnewtable
C:/Users/Sherry/Downloads/HahNewTable/HaH-master (2)/HaH-master/hahnewtable
Using Asset Import Pipeline V2.
Refreshing native plugins compatible for Editor in 221.15 ms, found 2 plugins.
Preloading 0 native plugins for Editor in 0.00 ms.
Initialize engine version: 2020.3.9f1 (108be757e447)
[Subsystems] Discovering subsystems at path C:/Program Files/Unity/Hub/Editor/2020.3.9f1/Editor/Data/Resources/UnitySubsystems
[Subsystems] Discovering subsystems at path C:/Users/Sherry/Downloads/HahNewTable/HaH-master (2)/HaH-master/hahnewtable/Assets
GfxDevice: creating device client; threaded=0
Direct3D:
    Version:  Direct3D 11.0 [level 11.1]
    Renderer: AMD Radeon HD 8240 (ID=0x9838)
    Vendor:   
    VRAM:     497 MB
    Driver:   15.201.1301.0
Initialize mono
Mono path[0] = 'C:/Program Files/Unity/Hub/Editor/2020.3.9f1/Editor/Data/Managed'
Mono path[1] = 'C:/Program Files/Unity/Hub/Editor/2020.3.9f1/Editor/Data/MonoBleedingEdge/lib/mono/unityjit'
Mono config path = 'C:/Program Files/Unity/Hub/Editor/2020.3.9f1/Editor/Data/MonoBleedingEdge/etc'
Using monoOptions --debugger-agent=transport=dt_socket,embedding=1,server=y,suspend=n,address=127.0.0.1:56204
Begin MonoManager ReloadAssembly
Registering precompiled unity dll's ...
Register platform support module: C:/Program Files/Unity/Hub/Editor/2020.3.9f1/Editor/Data/PlaybackEngines/WindowsStandaloneSupport/UnityEditor.WindowsStandalone.Extensions.dll
Registered in 0.013637 seconds.
Native extension for WindowsStandalone target not found
Refreshing native plugins compatible for Editor in 155.19 ms, found 2 plugins.
Preloading 0 native plugins for Editor in 0.00 ms.
Mono: successfully reloaded assembly
- Completed reload, in  7.708 seconds
Platform modules already initialized, skipping
Registering precompiled user dll's ...
Registered in 0.045527 seconds.
Begin MonoManager ReloadAssembly
Native extension for WindowsStandalone target not found
Refreshing native plugins compatible for Editor in 1.87 ms, found 2 plugins.
Preloading 0 native plugins for Editor in 0.00 ms.
Mono: successfully reloaded assembly
- Completed reload, in  6.226 seconds
Platform modules already initialized, skipping
========================================================================
Worker process is ready to serve import requests
Launched and connected shader compiler UnityShaderCompiler.exe after 0.82 seconds
Refreshing native plugins compatible for Editor in 2.47 ms, found 2 plugins.
Preloading 0 native plugins for Editor in 0.00 ms.
Unloading 1134 Unused Serialized files (Serialized files now loaded: 0)
System memory in use before: 58.2 MB.
System memory in use after: 58.3 MB.

Unloading 27 unused Assets to reduce memory usage. Loaded Objects now: 1602.
Total: 40.285200 ms (FindLiveObjects: 0.891400 ms CreateObjectMapping: 0.342800 ms MarkObjects: 20.070100 ms  DeleteObjects: 18.972600 ms)

========================================================================
Received Import Request.
  path: Assets/Plugins/GitHub/Editor/big-logo@2x.png
  artifactKey: Guid(f81094832d834c64d93b198cb16b6a3e) Importer(815301076,1909f56bfc062723c751e8b465ee728b)
Start importing Assets/Plugins/GitHub/Editor/big-logo@2x.png using Guid(f81094832d834c64d93b198cb16b6a3e) Importer(815301076,1909f56bfc062723c751e8b465ee728b)  -> (artifact id: '0adcc90895ff65591bff4907a049684c') in 2.132139 seconds
  Import took 2.188853 seconds .

========================================================================
Received Import Request.
  Time since last request: 288.799191 seconds.
  path: Assets/Plugins/GitHub/Editor/GitHub.UnityShim.pdb
  artifactKey: Guid(480071253ef427a4cbc55ef1fedca3e5) Importer(815301076,1909f56bfc062723c751e8b465ee728b)
Start importing Assets/Plugins/GitHub/Editor/GitHub.UnityShim.pdb using Guid(480071253ef427a4cbc55ef1fedca3e5) Importer(815301076,1909f56bfc062723c751e8b465ee728b)  -> (artifact id: 'b7c6e2e121a1c21f9764bfef4b2da142') in 11.374721 seconds
  Import took 31.682178 seconds .

========================================================================
Received Import Request.
  Time since last request: 10.686729 seconds.
  path: Assets/Plugins/GitHub/Editor/GitHub.UnityShim.pdb
  artifactKey: Guid(480071253ef427a4cbc55ef1fedca3e5) Importer(815301076,1909f56bfc062723c751e8b465ee728b)
Start importing Assets/Plugins/GitHub/Editor/GitHub.UnityShim.pdb using Guid(480071253ef427a4cbc55ef1fedca3e5) Importer(815301076,1909f56bfc062723c751e8b465ee728b)  -> (artifact id: 'b7c6e2e121a1c21f9764bfef4b2da142') in 1.226401 seconds
  Import took 2.308957 seconds .

========================================================================
Received Import Request.
  Time since last request: 246.171372 seconds.
  path: Assets/SampleScene.unity
  artifactKey: Guid(9fc0d4010bbf28b4594072e72b8655ab) Importer(815301076,1909f56bfc062723c751e8b465ee728b)
Start importing Assets/SampleScene.unity using Guid(9fc0d4010bbf28b4594072e72b8655ab) Importer(815301076,1909f56bfc062723c751e8b465ee728b)  -> (artifact id: '85059f4f9e1a832ed95adaa0d25c5c4c') in 0.020730 seconds
  Import took 0.058332 seconds .

========================================================================
Received Import Request.
  Time since last request: 0.133395 seconds.
  path: Assets/SampleScene.unity
  artifactKey: Guid(9fc0d4010bbf28b4594072e72b8655ab) Importer(815301076,1909f56bfc062723c751e8b465ee728b)
Start importing Assets/SampleScene.unity using Guid(9fc0d4010bbf28b4594072e72b8655ab) Importer(815301076,1909f56bfc062723c751e8b465ee728b)  -> (artifact id: '85059f4f9e1a832ed95adaa0d25c5c4c') in 0.084171 seconds
  Import took 0.093409 seconds .

========================================================================
Received Prepare
Registering precompiled user dll's ...
Registered in 1.715229 seconds.
Begin MonoManager ReloadAssembly
Native extension for WindowsStandalone target not found
Refreshing native plugins compatible for Editor in 2.49 ms, found 2 plugins.
Preloading 0 native plugins for Editor in 0.00 ms.
Mono: successfully reloaded assembly
- Completed reload, in 15.441 seconds
Platform modules already initialized, skipping
Refreshing native plugins compatible for Editor in 1.71 ms, found 2 plugins.
Preloading 0 native plugins for Editor in 0.00 ms.
Unloading 1176 Unused Serialized files (Serialized files now loaded: 0)
System memory in use before: 61.1 MB.
System memory in use after: 60.6 MB.

Unloading 35 unused Assets to reduce memory usage. Loaded Objects now: 1641.
Total: 267.466100 ms (FindLiveObjects: 42.539500 ms CreateObjectMapping: 0.397500 ms MarkObjects: 222.848700 ms  DeleteObjects: 1.670700 ms)

AssetImportWorkerClient::OnTransportError - code=2 error=End of file
