Using pre-set license
Built from '2020.3/staging' branch; Version is '2020.3.9f1 (108be757e447) revision 1084391'; Using compiler version '192528614'; Build Type 'Release'
OS: 'Windows 10 Home; OS build 19042.1165; Version 2009; 64bit' Language: 'en' Physical Memory: 3542 MB
BatchMode: 1, IsHumanControllingUs: 0, StartBugReporterOnCrash: 0, Is64bit: 1, IsPro: 0

 COMMAND LINE ARGUMENTS:
C:\Program Files\Unity\Hub\Editor\2020.3.9f1\Editor\Unity.exe
-adb2
-batchMode
-noUpm
-name
AssetImportWorker1
-projectPath
C:/Users/Sherry/Downloads/HahNewTable/HaH-master (2)/HaH-master/hahnewtable
-logFile
Logs/AssetImportWorker1.log
-srvPort
56766
Successfully changed project path to: C:/Users/Sherry/Downloads/HahNewTable/HaH-master (2)/HaH-master/hahnewtable
C:/Users/Sherry/Downloads/HahNewTable/HaH-master (2)/HaH-master/hahnewtable
Using Asset Import Pipeline V2.
Refreshing native plugins compatible for Editor in 1494.12 ms, found 2 plugins.
Preloading 0 native plugins for Editor in 0.00 ms.
Initialize engine version: 2020.3.9f1 (108be757e447)
[Subsystems] Discovering subsystems at path C:/Program Files/Unity/Hub/Editor/2020.3.9f1/Editor/Data/Resources/UnitySubsystems
[Subsystems] Discovering subsystems at path C:/Users/Sherry/Downloads/HahNewTable/HaH-master (2)/HaH-master/hahnewtable/Assets
GfxDevice: creating device client; threaded=0
Direct3D:
    Version:  Direct3D 11.0 [level 11.1]
    Renderer: AMD Radeon HD 8240 (ID=0x9838)
    Vendor:   
    VRAM:     497 MB
    Driver:   15.201.1301.0
